<?xml version="1.0" encoding="UTF-8"?>
<testsuite name="com.basr.chaincode.BasrContractTest" tests="8" skipped="0" failures="0" errors="0" timestamp="2026-07-21T09:01:35.007Z" hostname="Abu-Dhabi" time="2.255">
  <properties/>
  <testcase name="duplicateDeviceIdShouldBeRejected()" classname="com.basr.chaincode.BasrContractTest" time="1.44"/>
  <testcase name="duplicatePublicKeyShouldBeRejected()" classname="com.basr.chaincode.BasrContractTest" time="0.053"/>
  <testcase name="forgedPopShouldBeRejected()" classname="com.basr.chaincode.BasrContractTest" time="0.016"/>
  <testcase name="malformedBatchFieldsShouldBeRejected()" classname="com.basr.chaincode.BasrContractTest" time="0.579"/>
  <testcase name="realBatchRecordShouldRoundTrip()" classname="com.basr.chaincode.BasrContractTest" time="0.074"/>
  <testcase name="validRealPopShouldRegisterAndReadDevice()" classname="com.basr.chaincode.BasrContractTest" time="0.012"/>
  <testcase name="duplicateBatchIdShouldBeRejected()" classname="com.basr.chaincode.BasrContractTest" time="0.055"/>
  <testcase name="registeredPairShouldBeRecognizedExactly()" classname="com.basr.chaincode.BasrContractTest" time="0.013"/>
  <system-out><![CDATA[]]></system-out>
  <system-err><![CDATA[Mockito is currently self-attaching to enable the inline-mock-maker. This will no longer work in future releases of the JDK. Please add Mockito as an agent to your build as described in Mockito's documentation: https://javadoc.io/doc/org.mockito/mockito-core/latest/org.mockito/org/mockito/Mockito.html#0.3
WARNING: A Java agent has been loaded dynamically (/home/pilgrimage/.gradle/caches/modules-2/files-2.1/net.bytebuddy/byte-buddy-agent/1.17.7/fbf3d6d649ed37fc9e9c59480a05be0a26e3c2da/byte-buddy-agent-1.17.7.jar)
WARNING: If a serviceability tool is in use, please run with -XX:+EnableDynamicAgentLoading to hide this warning
WARNING: If a serviceability tool is not in use, please run with -Djdk.instrument.traceUsage for more information
WARNING: Dynamic loading of agents will be disallowed by default in a future release
]]></system-err>
</testsuite>
